Running...
Moviepy - Building video downloads/1805233745360p.mp4.
MoviePy - Writing audio in 1805233745360pTEMP_MPY_wvf_snd.mp3
MoviePy - Done.
Moviepy - Writing video downloads/1805233745360p.mp4

Moviepy - Done !
Moviepy - video ready downloads/1805233745360p.mp4
Moviepy - Building video downloads/1468429008480p.mp4.
MoviePy - Writing audio in 1468429008480pTEMP_MPY_wvf_snd.mp3
MoviePy - Done.
Moviepy - Writing video downloads/1468429008480p.mp4

Moviepy - Done !
Moviepy - video ready downloads/1468429008480p.mp4
Moviepy - Building video downloads/965777080480p.mp4.
MoviePy - Writing audio in 965777080480pTEMP_MPY_wvf_snd.mp3
MoviePy - Done.
Moviepy - Writing video downloads/965777080480p.mp4

Moviepy - Done !
Moviepy - video ready downloads/965777080480p.mp4
Moviepy - Building video downloads/965777080360p.mp4.
MoviePy - Writing audio in 965777080360pTEMP_MPY_wvf_snd.mp3
MoviePy - Done.
Moviepy - Writing video downloads/965777080360p.mp4

Moviepy - Done !
Moviepy - video ready downloads/965777080360p.mp4
Moviepy - Building video downloads/965777080360p.mp4.
MoviePy - Writing audio in 965777080360pTEMP_MPY_wvf_snd.mp3
MoviePy - Done.
Moviepy - Writing video downloads/965777080360p.mp4

Moviepy - Done !
Moviepy - video ready downloads/965777080360p.mp4
Moviepy - Building video downloads/965777080144p.mp4.
MoviePy - Writing audio in 965777080144pTEMP_MPY_wvf_snd.mp3
MoviePy - Done.
Moviepy - Writing video downloads/965777080144p.mp4

Moviepy - Done !
Moviepy - video ready downloads/965777080144p.mp4
Moviepy - Building video downloads/965777080144p.mp4.
MoviePy - Writing audio in 965777080144pTEMP_MPY_wvf_snd.mp3
MoviePy - Done.
Moviepy - Writing video downloads/965777080144p.mp4

Moviepy - Done !
Moviepy - video ready downloads/965777080144p.mp4
Moviepy - Building video downloads/1957234657144p.mp4.
MoviePy - Writing audio in 1957234657144pTEMP_MPY_wvf_snd.mp3
MoviePy - Done.
Moviepy - Writing video downloads/1957234657144p.mp4

Running...
Moviepy - Building video downloads/1914181073240p.mp4.
MoviePy - Writing audio in 1914181073240pTEMP_MPY_wvf_snd.mp3
MoviePy - Done.
Moviepy - Writing video downloads/1914181073240p.mp4

Moviepy - Done !
Moviepy - video ready downloads/1914181073240p.mp4
Moviepy - Building video downloads/1805233745240p.mp4.
MoviePy - Writing audio in 1805233745240pTEMP_MPY_wvf_snd.mp3
Running...
Moviepy - Building video downloads/1914181073144p.mp4.
MoviePy - Writing audio in 1914181073144pTEMP_MPY_wvf_snd.mp3
MoviePy - Done.
Moviepy - Writing video downloads/1914181073144p.mp4

Moviepy - Done !
Moviepy - video ready downloads/1914181073144p.mp4
Moviepy - Building video downloads/940902803144p.mp4.
MoviePy - Writing audio in 940902803144pTEMP_MPY_wvf_snd.mp3
MoviePy - Done.
Moviepy - Writing video downloads/940902803144p.mp4

